2016-06-10 11:24:42,474 [INFO] from play.core.server.NettyServer in pool-4-thread-4 - Listening for HTTP on /0:0:0:0:0:0:0:0:9000
2016-06-10 11:24:51,704 [INFO] from application in ForkJoinPool-1-worker-1 - ApplicationTimer demo: Starting application at 2016-06-10T05:54:51.703Z
2016-06-10 11:24:52,052 [DEBUG] from application in ForkJoinPool-1-worker-1 - ** on start **
2016-06-10 11:24:52,436 [DEBUG] from application in ForkJoinPool-1-worker-1 - ** Morphia datastore: DB{name='hackathon'}
2016-06-10 11:24:52,442 [INFO] from play.api.Play in ForkJoinPool-1-worker-1 - Application started (Dev)
2016-06-10 11:26:39,428 [ERROR] from application in netty-event-loop-3 - 

! @70c3d9m64 - Internal server error, for (GET) [/] ->
 
play.sbt.PlayExceptions$CompilationException: Compilation error[';' expected]
	at play.sbt.PlayExceptions$CompilationException$.apply(PlayExceptions.scala:27)
	at play.sbt.PlayExceptions$CompilationException$.apply(PlayExceptions.scala:27)
	at scala.Option.map(Option.scala:145)
	at play.sbt.run.PlayReload$$anonfun$taskFailureHandler$1.apply(PlayReload.scala:49)
	at play.sbt.run.PlayReload$$anonfun$taskFailureHandler$1.apply(PlayReload.scala:44)
	at scala.Option.map(Option.scala:145)
	at play.sbt.run.PlayReload$.taskFailureHandler(PlayReload.scala:44)
	at play.sbt.run.PlayReload$.compileFailure(PlayReload.scala:40)
	at play.sbt.run.PlayReload$$anonfun$compile$1.apply(PlayReload.scala:17)
	at play.sbt.run.PlayReload$$anonfun$compile$1.apply(PlayReload.scala:17)
	at scala.util.Either$LeftProjection.map(Either.scala:377)
	at play.sbt.run.PlayReload$.compile(PlayReload.scala:17)
	at play.sbt.run.PlayRun$$anonfun$playRunTask$1$$anonfun$apply$2$$anonfun$apply$3$$anonfun$2.apply(PlayRun.scala:61)
	at play.sbt.run.PlayRun$$anonfun$playRunTask$1$$anonfun$apply$2$$anonfun$apply$3$$anonfun$2.apply(PlayRun.scala:61)
	at play.runsupport.Reloader$$anonfun$reload$1.apply(Reloader.scala:338)
	at play.runsupport.Reloader$$anon$3.run(Reloader.scala:43)
	at java.security.AccessController.doPrivileged(Native Method)
	at play.runsupport.Reloader$.play$runsupport$Reloader$$withReloaderContextClassLoader(Reloader.scala:39)
	at play.runsupport.Reloader.reload(Reloader.scala:336)
	at play.core.server.DevServerStart$$anonfun$mainDev$1$$anon$1$$anonfun$get$1.apply(DevServerStart.scala:118)
	at play.core.server.DevServerStart$$anonfun$mainDev$1$$anon$1$$anonfun$get$1.apply(DevServerStart.scala:116)
	at scala.concurrent.impl.Future$PromiseCompletingRunnable.liftedTree1$1(Future.scala:24)
	at scala.concurrent.impl.Future$PromiseCompletingRunnable.run(Future.scala:24)
	at akka.dispatch.TaskInvocation.run(AbstractDispatcher.scala:39)
	at akka.dispatch.ForkJoinExecutorConfigurator$AkkaForkJoinTask.exec(AbstractDispatcher.scala:405)
	at scala.concurrent.forkjoin.ForkJoinTask.doExec(ForkJoinTask.java:260)
	at scala.concurrent.forkjoin.ForkJoinPool$WorkQueue.runTask(ForkJoinPool.java:1339)
	at scala.concurrent.forkjoin.ForkJoinPool.runWorker(ForkJoinPool.java:1979)
	at scala.concurrent.forkjoin.ForkJoinWorkerThread.run(ForkJoinWorkerThread.java:107)
2016-06-10 11:26:46,342 [INFO] from application in application-akka.actor.default-dispatcher-8 - ApplicationTimer demo: Stopping application at 2016-06-10T05:56:46.342Z after 115s.
2016-06-10 11:26:46,779 [INFO] from application in application-akka.actor.default-dispatcher-8 - ApplicationTimer demo: Starting application at 2016-06-10T05:56:46.779Z
2016-06-10 11:26:46,864 [DEBUG] from application in application-akka.actor.default-dispatcher-8 - ** on start **
2016-06-10 11:26:46,868 [DEBUG] from application in application-akka.actor.default-dispatcher-8 - ** Morphia datastore: DB{name='hackathon'}
2016-06-10 11:26:46,869 [INFO] from play.api.Play in application-akka.actor.default-dispatcher-8 - Application started (Dev)
2016-06-10 11:26:52,453 [INFO] from application in application-akka.actor.default-dispatcher-2 - taken
2016-06-10 11:27:50,877 [INFO] from application in application-akka.actor.default-dispatcher-5 - ApplicationTimer demo: Stopping application at 2016-06-10T05:57:50.877Z after 64s.
2016-06-10 11:27:51,105 [INFO] from application in application-akka.actor.default-dispatcher-5 - ApplicationTimer demo: Starting application at 2016-06-10T05:57:51.104Z
2016-06-10 11:27:51,196 [DEBUG] from application in application-akka.actor.default-dispatcher-5 - ** on start **
2016-06-10 11:27:51,199 [DEBUG] from application in application-akka.actor.default-dispatcher-5 - ** Morphia datastore: DB{name='hackathon'}
2016-06-10 11:27:51,199 [INFO] from play.api.Play in application-akka.actor.default-dispatcher-5 - Application started (Dev)
2016-06-10 11:27:55,879 [INFO] from application in application-akka.actor.default-dispatcher-3 - taken
2016-06-10 11:28:19,421 [INFO] from application in application-akka.actor.default-dispatcher-7 - ApplicationTimer demo: Stopping application at 2016-06-10T05:58:19.421Z after 28s.
2016-06-10 11:28:19,555 [INFO] from application in application-akka.actor.default-dispatcher-7 - ApplicationTimer demo: Starting application at 2016-06-10T05:58:19.555Z
2016-06-10 11:28:19,627 [DEBUG] from application in application-akka.actor.default-dispatcher-7 - ** on start **
2016-06-10 11:28:19,629 [DEBUG] from application in application-akka.actor.default-dispatcher-7 - ** Morphia datastore: DB{name='hackathon'}
2016-06-10 11:28:19,629 [INFO] from play.api.Play in application-akka.actor.default-dispatcher-7 - Application started (Dev)
2016-06-10 11:28:25,073 [INFO] from application in application-akka.actor.default-dispatcher-7 - taken
2016-06-10 11:28:25,074 [INFO] from application in application-akka.actor.default-dispatcher-7 - reached here
2016-06-10 11:28:25,074 [INFO] from application in application-akka.actor.default-dispatcher-7 - 9004145027077
2016-06-10 11:28:25,235 [INFO] from application in application-akka.actor.default-dispatcher-7 - Object RPC:null
2016-06-10 11:28:25,249 [INFO] from application in application-akka.actor.default-dispatcher-7 - 9004145027084
2016-06-10 11:28:25,252 [INFO] from application in application-akka.actor.default-dispatcher-7 - Object RPC:null
2016-06-10 11:28:25,253 [INFO] from application in application-akka.actor.default-dispatcher-7 - 9004145027084
2016-06-10 11:28:25,255 [INFO] from application in application-akka.actor.default-dispatcher-7 - Object RPC:null
2016-06-10 11:28:25,256 [INFO] from application in application-akka.actor.default-dispatcher-7 - 9004145027084
2016-06-10 11:28:25,258 [INFO] from application in application-akka.actor.default-dispatcher-7 - Object RPC:null
2016-06-10 11:28:25,259 [INFO] from application in application-akka.actor.default-dispatcher-7 - 9004145027084
2016-06-10 11:28:25,262 [INFO] from application in application-akka.actor.default-dispatcher-7 - Object RPC:null
2016-06-10 11:28:25,263 [INFO] from application in application-akka.actor.default-dispatcher-7 - 9004145027084
2016-06-10 11:28:25,265 [INFO] from application in application-akka.actor.default-dispatcher-7 - Object RPC:null
2016-06-10 11:28:25,269 [INFO] from application in application-akka.actor.default-dispatcher-7 - 9004145027084
2016-06-10 11:28:25,271 [INFO] from application in application-akka.actor.default-dispatcher-7 - Object RPC:null
2016-06-10 11:28:25,276 [INFO] from application in application-akka.actor.default-dispatcher-7 - 9004145029033
2016-06-10 11:28:25,278 [INFO] from application in application-akka.actor.default-dispatcher-7 - Object RPC:null
2016-06-10 11:28:25,280 [INFO] from application in application-akka.actor.default-dispatcher-7 - 9004145029033
2016-06-10 11:28:25,282 [INFO] from application in application-akka.actor.default-dispatcher-7 - Object RPC:null
2016-06-10 11:28:25,283 [INFO] from application in application-akka.actor.default-dispatcher-7 - 9004145029033
2016-06-10 11:28:25,285 [INFO] from application in application-akka.actor.default-dispatcher-7 - Object RPC:null
2016-06-10 11:28:25,288 [INFO] from application in application-akka.actor.default-dispatcher-7 - 9004145029033
2016-06-10 11:28:25,289 [INFO] from application in application-akka.actor.default-dispatcher-7 - Object RPC:null
2016-06-10 11:28:25,291 [INFO] from application in application-akka.actor.default-dispatcher-7 - 9004145807488
2016-06-10 11:28:25,292 [INFO] from application in application-akka.actor.default-dispatcher-7 - Object RPC:null
2016-06-10 11:28:25,294 [INFO] from application in application-akka.actor.default-dispatcher-7 - 9004145807488
2016-06-10 11:28:25,295 [INFO] from application in application-akka.actor.default-dispatcher-7 - Object RPC:null
2016-06-10 11:28:25,297 [INFO] from application in application-akka.actor.default-dispatcher-7 - 9004145807488
2016-06-10 11:28:25,298 [INFO] from application in application-akka.actor.default-dispatcher-7 - Object RPC:null
2016-06-10 11:28:25,300 [INFO] from application in application-akka.actor.default-dispatcher-7 - 9004145807488
2016-06-10 11:28:25,302 [INFO] from application in application-akka.actor.default-dispatcher-7 - Object RPC:null
2016-06-10 11:28:25,303 [INFO] from application in application-akka.actor.default-dispatcher-7 - 9004145807488
2016-06-10 11:28:25,305 [INFO] from application in application-akka.actor.default-dispatcher-7 - Object RPC:null
2016-06-10 11:28:25,307 [INFO] from application in application-akka.actor.default-dispatcher-7 - 9004145807488
2016-06-10 11:28:25,309 [INFO] from application in application-akka.actor.default-dispatcher-7 - Object RPC:null
2016-06-10 11:28:25,310 [INFO] from application in application-akka.actor.default-dispatcher-7 - 9004145910928
2016-06-10 11:28:25,312 [INFO] from application in application-akka.actor.default-dispatcher-7 - Object RPC:null
2016-06-10 11:28:25,313 [INFO] from application in application-akka.actor.default-dispatcher-7 - 9004145910928
2016-06-10 11:28:25,315 [INFO] from application in application-akka.actor.default-dispatcher-7 - Object RPC:null
2016-06-10 11:28:25,317 [INFO] from application in application-akka.actor.default-dispatcher-7 - 9004145910928
2016-06-10 11:28:25,318 [INFO] from application in application-akka.actor.default-dispatcher-7 - Object RPC:null
2016-06-10 11:28:25,320 [INFO] from application in application-akka.actor.default-dispatcher-7 - 9004145910928
2016-06-10 11:28:25,321 [INFO] from application in application-akka.actor.default-dispatcher-7 - Object RPC:null
2016-06-10 11:28:25,323 [INFO] from application in application-akka.actor.default-dispatcher-7 - 9004145910928
2016-06-10 11:28:25,324 [INFO] from application in application-akka.actor.default-dispatcher-7 - Object RPC:null
2016-06-10 11:28:25,325 [INFO] from application in application-akka.actor.default-dispatcher-7 - 9004145910928
2016-06-10 11:28:25,327 [INFO] from application in application-akka.actor.default-dispatcher-7 - Object RPC:null
2016-06-10 11:28:25,328 [INFO] from application in application-akka.actor.default-dispatcher-7 - 9004998002054
2016-06-10 11:28:25,330 [INFO] from application in application-akka.actor.default-dispatcher-7 - Object RPC:null
2016-06-10 11:28:25,331 [INFO] from application in application-akka.actor.default-dispatcher-7 - 9004998002054
2016-06-10 11:28:25,333 [INFO] from application in application-akka.actor.default-dispatcher-7 - Object RPC:null
2016-06-10 11:28:25,334 [INFO] from application in application-akka.actor.default-dispatcher-7 - 9004998002061
2016-06-10 11:28:25,336 [INFO] from application in application-akka.actor.default-dispatcher-7 - Object RPC:null
2016-06-10 11:28:25,338 [INFO] from application in application-akka.actor.default-dispatcher-7 - 9004998002061
2016-06-10 11:28:25,339 [INFO] from application in application-akka.actor.default-dispatcher-7 - Object RPC:null
2016-06-10 11:28:25,341 [INFO] from application in application-akka.actor.default-dispatcher-7 - 9004998002078
2016-06-10 11:28:25,343 [INFO] from application in application-akka.actor.default-dispatcher-7 - Object RPC:null
2016-06-10 11:28:25,345 [INFO] from application in application-akka.actor.default-dispatcher-7 - 9004998002078
2016-06-10 11:28:25,346 [INFO] from application in application-akka.actor.default-dispatcher-7 - Object RPC:null
2016-06-10 11:28:25,347 [INFO] from application in application-akka.actor.default-dispatcher-7 - 9004998002085
2016-06-10 11:28:25,349 [INFO] from application in application-akka.actor.default-dispatcher-7 - Object RPC:null
2016-06-10 11:28:25,350 [INFO] from application in application-akka.actor.default-dispatcher-7 - 9004998002085
2016-06-10 11:28:25,352 [INFO] from application in application-akka.actor.default-dispatcher-7 - Object RPC:null
2016-06-10 11:28:25,353 [INFO] from application in application-akka.actor.default-dispatcher-7 - 9004998002092
2016-06-10 11:28:25,355 [INFO] from application in application-akka.actor.default-dispatcher-7 - Object RPC:null
2016-06-10 11:28:25,357 [INFO] from application in application-akka.actor.default-dispatcher-7 - 9004998002092
2016-06-10 11:28:25,358 [INFO] from application in application-akka.actor.default-dispatcher-7 - Object RPC:null
2016-06-10 11:28:25,359 [INFO] from application in application-akka.actor.default-dispatcher-7 - 9004998900084
2016-06-10 11:28:25,361 [INFO] from application in application-akka.actor.default-dispatcher-7 - Object RPC:null
2016-06-10 11:28:25,363 [INFO] from application in application-akka.actor.default-dispatcher-7 - 9004998900084
2016-06-10 11:28:25,365 [INFO] from application in application-akka.actor.default-dispatcher-7 - Object RPC:null
2016-06-10 11:28:25,366 [INFO] from application in application-akka.actor.default-dispatcher-7 - 9004998900510
2016-06-10 11:28:25,368 [INFO] from application in application-akka.actor.default-dispatcher-7 - Object RPC:null
2016-06-10 11:28:25,369 [INFO] from application in application-akka.actor.default-dispatcher-7 - 9004998900510
2016-06-10 11:28:25,372 [INFO] from application in application-akka.actor.default-dispatcher-7 - Object RPC:null
2016-06-10 11:28:25,374 [INFO] from application in application-akka.actor.default-dispatcher-7 - 9004998900541
2016-06-10 11:28:25,376 [INFO] from application in application-akka.actor.default-dispatcher-7 - Object RPC:null
2016-06-10 11:28:25,378 [INFO] from application in application-akka.actor.default-dispatcher-7 - 9004998900541
2016-06-10 11:28:25,380 [INFO] from application in application-akka.actor.default-dispatcher-7 - Object RPC:null
2016-06-10 11:28:25,382 [INFO] from application in application-akka.actor.default-dispatcher-7 - 9004998900572
2016-06-10 11:28:25,384 [INFO] from application in application-akka.actor.default-dispatcher-7 - Object RPC:null
2016-06-10 11:28:25,385 [INFO] from application in application-akka.actor.default-dispatcher-7 - 9004998900572
2016-06-10 11:28:25,387 [INFO] from application in application-akka.actor.default-dispatcher-7 - Object RPC:null
2016-06-10 11:28:25,389 [INFO] from application in application-akka.actor.default-dispatcher-7 - 9004998900909
2016-06-10 11:28:25,392 [INFO] from application in application-akka.actor.default-dispatcher-7 - Object RPC:null
2016-06-10 11:28:25,393 [INFO] from application in application-akka.actor.default-dispatcher-7 - 9004998900909
2016-06-10 11:28:25,395 [INFO] from application in application-akka.actor.default-dispatcher-7 - Object RPC:null
2016-06-10 11:28:25,397 [INFO] from application in application-akka.actor.default-dispatcher-7 - 9004998900916
2016-06-10 11:28:25,398 [INFO] from application in application-akka.actor.default-dispatcher-7 - Object RPC:null
2016-06-10 11:28:25,400 [INFO] from application in application-akka.actor.default-dispatcher-7 - 9004998900916
2016-06-10 11:28:25,403 [INFO] from application in application-akka.actor.default-dispatcher-7 - Object RPC:null
2016-06-10 11:28:25,405 [INFO] from application in application-akka.actor.default-dispatcher-7 - 9004998900923
2016-06-10 11:28:25,407 [INFO] from application in application-akka.actor.default-dispatcher-7 - Object RPC:null
2016-06-10 11:28:25,409 [INFO] from application in application-akka.actor.default-dispatcher-7 - 9004998900923
2016-06-10 11:28:25,411 [INFO] from application in application-akka.actor.default-dispatcher-7 - Object RPC:null
2016-06-10 11:28:25,414 [INFO] from application in application-akka.actor.default-dispatcher-7 - 9004998900978
2016-06-10 11:28:25,416 [INFO] from application in application-akka.actor.default-dispatcher-7 - Object RPC:null
2016-06-10 11:28:25,419 [INFO] from application in application-akka.actor.default-dispatcher-7 - 9004998900978
2016-06-10 11:28:25,423 [INFO] from application in application-akka.actor.default-dispatcher-7 - Object RPC:null
2016-06-10 11:28:25,425 [INFO] from application in application-akka.actor.default-dispatcher-7 - 9004998901821
2016-06-10 11:28:25,428 [INFO] from application in application-akka.actor.default-dispatcher-7 - Object RPC:null
2016-06-10 11:28:25,430 [INFO] from application in application-akka.actor.default-dispatcher-7 - 9004998901821
2016-06-10 11:28:25,433 [INFO] from application in application-akka.actor.default-dispatcher-7 - Object RPC:null
2016-06-10 11:28:25,435 [INFO] from application in application-akka.actor.default-dispatcher-7 - 9330712004531
2016-06-10 11:28:25,437 [INFO] from application in application-akka.actor.default-dispatcher-7 - Object RPC:null
2016-06-10 11:28:25,439 [INFO] from application in application-akka.actor.default-dispatcher-7 - 9330712004531
2016-06-10 11:28:25,441 [INFO] from application in application-akka.actor.default-dispatcher-7 - Object RPC:null
2016-06-10 11:28:25,443 [INFO] from application in application-akka.actor.default-dispatcher-7 - 9330712004531
2016-06-10 11:28:25,445 [INFO] from application in application-akka.actor.default-dispatcher-7 - Object RPC:null
2016-06-10 11:28:25,447 [INFO] from application in application-akka.actor.default-dispatcher-7 - 9330712004531
2016-06-10 11:28:25,449 [INFO] from application in application-akka.actor.default-dispatcher-7 - Object RPC:null
2016-06-10 11:28:25,451 [INFO] from application in application-akka.actor.default-dispatcher-7 - 9338415000003
2016-06-10 11:28:25,453 [INFO] from application in application-akka.actor.default-dispatcher-7 - Object RPC:null
2016-06-10 11:28:25,455 [INFO] from application in application-akka.actor.default-dispatcher-7 - 9338415000003
2016-06-10 11:28:25,458 [INFO] from application in application-akka.actor.default-dispatcher-7 - Object RPC:null
2016-06-10 11:28:25,460 [INFO] from application in application-akka.actor.default-dispatcher-7 - 9338415000003
2016-06-10 11:28:25,461 [INFO] from application in application-akka.actor.default-dispatcher-7 - Object RPC:null
2016-06-10 11:28:25,462 [INFO] from application in application-akka.actor.default-dispatcher-7 - 9338415000003
2016-06-10 11:28:25,464 [INFO] from application in application-akka.actor.default-dispatcher-7 - Object RPC:null
2016-06-10 11:28:25,465 [INFO] from application in application-akka.actor.default-dispatcher-7 - 9338415000003
2016-06-10 11:28:25,467 [INFO] from application in application-akka.actor.default-dispatcher-7 - Object RPC:null
2016-06-10 11:28:25,469 [INFO] from application in application-akka.actor.default-dispatcher-7 - 9338415000010
2016-06-10 11:28:25,472 [INFO] from application in application-akka.actor.default-dispatcher-7 - Object RPC:null
2016-06-10 11:28:25,473 [INFO] from application in application-akka.actor.default-dispatcher-7 - 9338415000010
2016-06-10 11:28:25,476 [INFO] from application in application-akka.actor.default-dispatcher-7 - Object RPC:null
2016-06-10 11:28:25,477 [INFO] from application in application-akka.actor.default-dispatcher-7 - 9338415000010
2016-06-10 11:28:25,479 [INFO] from application in application-akka.actor.default-dispatcher-7 - Object RPC:null
2016-06-10 11:28:25,481 [INFO] from application in application-akka.actor.default-dispatcher-7 - 9338415000010
2016-06-10 11:28:25,483 [INFO] from application in application-akka.actor.default-dispatcher-7 - Object RPC:null
2016-06-10 11:28:25,485 [INFO] from application in application-akka.actor.default-dispatcher-7 - 9338415000027
2016-06-10 11:28:25,486 [INFO] from application in application-akka.actor.default-dispatcher-7 - Object RPC:null
2016-06-10 11:28:25,487 [INFO] from application in application-akka.actor.default-dispatcher-7 - 9338415000027
2016-06-10 11:28:25,489 [INFO] from application in application-akka.actor.default-dispatcher-7 - Object RPC:null
2016-06-10 11:28:25,491 [INFO] from application in application-akka.actor.default-dispatcher-7 - 9338415000027
2016-06-10 11:28:25,494 [INFO] from application in application-akka.actor.default-dispatcher-7 - Object RPC:null
2016-06-10 11:28:25,496 [INFO] from application in application-akka.actor.default-dispatcher-7 - 9338415000027
2016-06-10 11:28:25,497 [INFO] from application in application-akka.actor.default-dispatcher-7 - Object RPC:null
2016-06-10 11:28:25,499 [INFO] from application in application-akka.actor.default-dispatcher-7 - 9338415000027
2016-06-10 11:28:25,501 [INFO] from application in application-akka.actor.default-dispatcher-7 - Object RPC:null
2016-06-10 11:28:25,503 [INFO] from application in application-akka.actor.default-dispatcher-7 - 9338415000027
2016-06-10 11:28:25,504 [INFO] from application in application-akka.actor.default-dispatcher-7 - Object RPC:null
2016-06-10 11:28:25,506 [INFO] from application in application-akka.actor.default-dispatcher-7 - 9338415000041
2016-06-10 11:28:25,508 [INFO] from application in application-akka.actor.default-dispatcher-7 - Object RPC:null
2016-06-10 11:28:25,510 [INFO] from application in application-akka.actor.default-dispatcher-7 - 9338415000041
2016-06-10 11:28:25,512 [INFO] from application in application-akka.actor.default-dispatcher-7 - Object RPC:null
2016-06-10 11:28:25,513 [INFO] from application in application-akka.actor.default-dispatcher-7 - 9338415000041
2016-06-10 11:28:25,515 [INFO] from application in application-akka.actor.default-dispatcher-7 - Object RPC:null
2016-06-10 11:28:25,516 [INFO] from application in application-akka.actor.default-dispatcher-7 - 9338415000041
2016-06-10 11:28:25,519 [INFO] from application in application-akka.actor.default-dispatcher-7 - Object RPC:null
2016-06-10 11:28:25,521 [INFO] from application in application-akka.actor.default-dispatcher-7 - 9338415000041
2016-06-10 11:28:25,523 [INFO] from application in application-akka.actor.default-dispatcher-7 - Object RPC:null
2016-06-10 11:28:25,525 [INFO] from application in application-akka.actor.default-dispatcher-7 - 9338415000041
2016-06-10 11:28:25,527 [INFO] from application in application-akka.actor.default-dispatcher-7 - Object RPC:null
2016-06-10 11:28:25,529 [INFO] from application in application-akka.actor.default-dispatcher-7 - 9338415000263
2016-06-10 11:28:25,532 [INFO] from application in application-akka.actor.default-dispatcher-7 - Object RPC:null
2016-06-10 11:28:25,533 [INFO] from application in application-akka.actor.default-dispatcher-7 - 9338415000263
2016-06-10 11:28:25,537 [INFO] from application in application-akka.actor.default-dispatcher-7 - Object RPC:null
2016-06-10 11:28:25,540 [INFO] from application in application-akka.actor.default-dispatcher-7 - 9338415000263
2016-06-10 11:28:25,542 [INFO] from application in application-akka.actor.default-dispatcher-7 - Object RPC:null
2016-06-10 11:28:25,544 [INFO] from application in application-akka.actor.default-dispatcher-7 - 9338415000263
2016-06-10 11:28:25,547 [INFO] from application in application-akka.actor.default-dispatcher-7 - Object RPC:null
2016-06-10 11:28:25,548 [INFO] from application in application-akka.actor.default-dispatcher-7 - 9338415000263
2016-06-10 11:28:25,550 [INFO] from application in application-akka.actor.default-dispatcher-7 - Object RPC:null
2016-06-10 11:28:25,555 [INFO] from application in application-akka.actor.default-dispatcher-7 - 9338415000263
2016-06-10 11:28:25,557 [INFO] from application in application-akka.actor.default-dispatcher-7 - Object RPC:null
2016-06-10 11:28:25,561 [INFO] from application in application-akka.actor.default-dispatcher-7 - 9338415000270
2016-06-10 11:28:25,563 [INFO] from application in application-akka.actor.default-dispatcher-7 - Object RPC:null
2016-06-10 11:28:25,565 [INFO] from application in application-akka.actor.default-dispatcher-7 - 9338415000270
2016-06-10 11:28:25,572 [INFO] from application in application-akka.actor.default-dispatcher-7 - Object RPC:null
2016-06-10 11:28:25,574 [INFO] from application in application-akka.actor.default-dispatcher-7 - 9338415000270
2016-06-10 11:28:25,578 [INFO] from application in application-akka.actor.default-dispatcher-7 - Object RPC:null
2016-06-10 11:28:25,580 [INFO] from application in application-akka.actor.default-dispatcher-7 - 9338415000270
2016-06-10 11:28:25,582 [INFO] from application in application-akka.actor.default-dispatcher-7 - Object RPC:null
2016-06-10 11:28:25,583 [INFO] from application in application-akka.actor.default-dispatcher-7 - 9338415000270
2016-06-10 11:28:25,586 [INFO] from application in application-akka.actor.default-dispatcher-7 - Object RPC:null
2016-06-10 11:28:25,588 [INFO] from application in application-akka.actor.default-dispatcher-7 - 9338415000270
2016-06-10 11:28:25,590 [INFO] from application in application-akka.actor.default-dispatcher-7 - Object RPC:null
2016-06-10 11:28:25,592 [INFO] from application in application-akka.actor.default-dispatcher-7 - 9338415000294
2016-06-10 11:28:25,594 [INFO] from application in application-akka.actor.default-dispatcher-7 - Object RPC:null
2016-06-10 11:28:25,596 [INFO] from application in application-akka.actor.default-dispatcher-7 - 9338415000294
2016-06-10 11:28:25,597 [INFO] from application in application-akka.actor.default-dispatcher-7 - Object RPC:null
2016-06-10 11:28:25,599 [INFO] from application in application-akka.actor.default-dispatcher-7 - 9338415000294
2016-06-10 11:28:25,600 [INFO] from application in application-akka.actor.default-dispatcher-7 - Object RPC:null
2016-06-10 11:28:25,604 [INFO] from application in application-akka.actor.default-dispatcher-7 - 9338415000294
2016-06-10 11:28:25,606 [INFO] from application in application-akka.actor.default-dispatcher-7 - Object RPC:null
2016-06-10 11:28:25,608 [INFO] from application in application-akka.actor.default-dispatcher-7 - 9338415000294
2016-06-10 11:28:25,609 [INFO] from application in application-akka.actor.default-dispatcher-7 - Object RPC:null
2016-06-10 11:28:25,611 [INFO] from application in application-akka.actor.default-dispatcher-7 - 9338415000294
2016-06-10 11:28:25,613 [INFO] from application in application-akka.actor.default-dispatcher-7 - Object RPC:null
2016-06-10 11:28:25,614 [INFO] from application in application-akka.actor.default-dispatcher-7 - 9338415000324
2016-06-10 11:28:25,616 [INFO] from application in application-akka.actor.default-dispatcher-7 - Object RPC:null
2016-06-10 11:28:25,617 [INFO] from application in application-akka.actor.default-dispatcher-7 - 9338415000324
2016-06-10 11:28:25,620 [INFO] from application in application-akka.actor.default-dispatcher-7 - Object RPC:null
2016-06-10 11:28:25,622 [INFO] from application in application-akka.actor.default-dispatcher-7 - 9338415000324
2016-06-10 11:28:25,624 [INFO] from application in application-akka.actor.default-dispatcher-7 - Object RPC:null
2016-06-10 11:28:25,626 [INFO] from application in application-akka.actor.default-dispatcher-7 - 9338415000324
2016-06-10 11:28:25,629 [INFO] from application in application-akka.actor.default-dispatcher-7 - Object RPC:null
2016-06-10 11:28:25,630 [INFO] from application in application-akka.actor.default-dispatcher-7 - 9338415000324
2016-06-10 11:28:25,632 [INFO] from application in application-akka.actor.default-dispatcher-7 - Object RPC:null
2016-06-10 11:28:25,633 [INFO] from application in application-akka.actor.default-dispatcher-7 - 9338415000324
2016-06-10 11:28:25,638 [INFO] from application in application-akka.actor.default-dispatcher-7 - Object RPC:null
2016-06-10 11:28:25,641 [INFO] from application in application-akka.actor.default-dispatcher-7 - 9338415002113
2016-06-10 11:28:25,643 [INFO] from application in application-akka.actor.default-dispatcher-7 - Object RPC:null
2016-06-10 11:28:25,646 [INFO] from application in application-akka.actor.default-dispatcher-7 - 9338415002113
2016-06-10 11:28:25,647 [INFO] from application in application-akka.actor.default-dispatcher-7 - Object RPC:null
2016-06-10 11:28:25,649 [INFO] from application in application-akka.actor.default-dispatcher-7 - 9338415002113
2016-06-10 11:28:25,650 [INFO] from application in application-akka.actor.default-dispatcher-7 - Object RPC:null
2016-06-10 11:28:25,653 [INFO] from application in application-akka.actor.default-dispatcher-7 - 9338415002113
2016-06-10 11:28:25,656 [INFO] from application in application-akka.actor.default-dispatcher-7 - Object RPC:null
2016-06-10 11:28:25,658 [INFO] from application in application-akka.actor.default-dispatcher-7 - 9338415002113
2016-06-10 11:28:25,660 [INFO] from application in application-akka.actor.default-dispatcher-7 - Object RPC:null
2016-06-10 11:28:25,662 [INFO] from application in application-akka.actor.default-dispatcher-7 - 9338415002113
2016-06-10 11:28:25,664 [INFO] from application in application-akka.actor.default-dispatcher-7 - Object RPC:null
2016-06-10 11:28:25,665 [INFO] from application in application-akka.actor.default-dispatcher-7 - 9338415002120
2016-06-10 11:28:25,668 [INFO] from application in application-akka.actor.default-dispatcher-7 - Object RPC:null
2016-06-10 11:28:25,672 [INFO] from application in application-akka.actor.default-dispatcher-7 - 9338415002120
2016-06-10 11:28:25,674 [INFO] from application in application-akka.actor.default-dispatcher-7 - Object RPC:null
2016-06-10 11:28:25,675 [INFO] from application in application-akka.actor.default-dispatcher-7 - 9338415002120
2016-06-10 11:28:25,677 [INFO] from application in application-akka.actor.default-dispatcher-7 - Object RPC:null
2016-06-10 11:28:25,679 [INFO] from application in application-akka.actor.default-dispatcher-7 - 9338415002120
2016-06-10 11:28:25,681 [INFO] from application in application-akka.actor.default-dispatcher-7 - Object RPC:null
2016-06-10 11:28:25,682 [INFO] from application in application-akka.actor.default-dispatcher-7 - 9338415002120
2016-06-10 11:28:25,683 [INFO] from application in application-akka.actor.default-dispatcher-7 - Object RPC:null
2016-06-10 11:28:25,686 [INFO] from application in application-akka.actor.default-dispatcher-7 - 9338415002120
2016-06-10 11:28:25,688 [INFO] from application in application-akka.actor.default-dispatcher-7 - Object RPC:null
2016-06-10 11:28:25,689 [INFO] from application in application-akka.actor.default-dispatcher-7 - 9338415002366
2016-06-10 11:28:25,691 [INFO] from application in application-akka.actor.default-dispatcher-7 - Object RPC:null
2016-06-10 11:28:25,692 [INFO] from application in application-akka.actor.default-dispatcher-7 - 9338415002366
2016-06-10 11:28:25,694 [INFO] from application in application-akka.actor.default-dispatcher-7 - Object RPC:null
2016-06-10 11:28:25,695 [INFO] from application in application-akka.actor.default-dispatcher-7 - 9338415002397
2016-06-10 11:28:25,697 [INFO] from application in application-akka.actor.default-dispatcher-7 - Object RPC:null
2016-06-10 11:28:25,698 [INFO] from application in application-akka.actor.default-dispatcher-7 - 9338415002397
2016-06-10 11:28:25,700 [INFO] from application in application-akka.actor.default-dispatcher-7 - Object RPC:null
2016-06-10 11:28:25,702 [INFO] from application in application-akka.actor.default-dispatcher-7 - 9338415002397
2016-06-10 11:28:25,705 [INFO] from application in application-akka.actor.default-dispatcher-7 - Object RPC:null
2016-06-10 11:28:25,707 [INFO] from application in application-akka.actor.default-dispatcher-7 - 9338415002397
2016-06-10 11:28:25,709 [INFO] from application in application-akka.actor.default-dispatcher-7 - Object RPC:null
2016-06-10 11:28:25,710 [INFO] from application in application-akka.actor.default-dispatcher-7 - 9338415002397
2016-06-10 11:28:25,713 [INFO] from application in application-akka.actor.default-dispatcher-7 - Object RPC:null
2016-06-10 11:28:25,714 [INFO] from application in application-akka.actor.default-dispatcher-7 - 9338415002397
2016-06-10 11:28:25,716 [INFO] from application in application-akka.actor.default-dispatcher-7 - Object RPC:null
2016-06-10 11:28:25,717 [INFO] from application in application-akka.actor.default-dispatcher-7 - 9338415002403
2016-06-10 11:28:25,721 [INFO] from application in application-akka.actor.default-dispatcher-7 - Object RPC:null
2016-06-10 11:28:25,723 [INFO] from application in application-akka.actor.default-dispatcher-7 - 9338415002403
2016-06-10 11:28:25,724 [INFO] from application in application-akka.actor.default-dispatcher-7 - Object RPC:null
2016-06-10 11:28:25,725 [INFO] from application in application-akka.actor.default-dispatcher-7 - 9338415002403
2016-06-10 11:28:25,727 [INFO] from application in application-akka.actor.default-dispatcher-7 - Object RPC:null
2016-06-10 11:28:25,732 [INFO] from application in application-akka.actor.default-dispatcher-7 - 9338415002403
2016-06-10 11:28:25,736 [INFO] from application in application-akka.actor.default-dispatcher-7 - Object RPC:null
2016-06-10 11:28:25,739 [INFO] from application in application-akka.actor.default-dispatcher-7 - 9338415002403
2016-06-10 11:28:25,741 [INFO] from application in application-akka.actor.default-dispatcher-7 - Object RPC:null
2016-06-10 11:28:25,745 [INFO] from application in application-akka.actor.default-dispatcher-7 - 9338415002403
2016-06-10 11:28:25,750 [INFO] from application in application-akka.actor.default-dispatcher-7 - Object RPC:null
2016-06-10 11:28:25,753 [INFO] from application in application-akka.actor.default-dispatcher-7 - 9338415002410
2016-06-10 11:28:25,755 [INFO] from application in application-akka.actor.default-dispatcher-7 - Object RPC:null
2016-06-10 11:28:25,757 [INFO] from application in application-akka.actor.default-dispatcher-7 - 9338415002410
2016-06-10 11:28:25,762 [INFO] from application in application-akka.actor.default-dispatcher-7 - Object RPC:null
2016-06-10 11:28:25,767 [INFO] from application in application-akka.actor.default-dispatcher-7 - 9338415002410
2016-06-10 11:28:25,769 [INFO] from application in application-akka.actor.default-dispatcher-7 - Object RPC:null
2016-06-10 11:28:25,771 [INFO] from application in application-akka.actor.default-dispatcher-7 - 9338415002410
2016-06-10 11:28:25,773 [INFO] from application in application-akka.actor.default-dispatcher-7 - Object RPC:null
2016-06-10 11:28:25,774 [INFO] from application in application-akka.actor.default-dispatcher-7 - 9338415002410
2016-06-10 11:28:25,777 [INFO] from application in application-akka.actor.default-dispatcher-7 - Object RPC:null
2016-06-10 11:28:25,779 [INFO] from application in application-akka.actor.default-dispatcher-7 - 9338415002410
2016-06-10 11:28:25,783 [INFO] from application in application-akka.actor.default-dispatcher-7 - Object RPC:null
2016-06-10 11:28:25,785 [INFO] from application in application-akka.actor.default-dispatcher-7 - 9338415002427
2016-06-10 11:28:25,786 [INFO] from application in application-akka.actor.default-dispatcher-7 - Object RPC:null
2016-06-10 11:28:25,788 [INFO] from application in application-akka.actor.default-dispatcher-7 - 9338415002427
2016-06-10 11:28:25,789 [INFO] from application in application-akka.actor.default-dispatcher-7 - Object RPC:null
2016-06-10 11:28:25,790 [INFO] from application in application-akka.actor.default-dispatcher-7 - 9338415002427
2016-06-10 11:28:25,792 [INFO] from application in application-akka.actor.default-dispatcher-7 - Object RPC:null
2016-06-10 11:28:25,793 [INFO] from application in application-akka.actor.default-dispatcher-7 - 9338415002427
2016-06-10 11:28:25,795 [INFO] from application in application-akka.actor.default-dispatcher-7 - Object RPC:null
2016-06-10 11:28:25,798 [INFO] from application in application-akka.actor.default-dispatcher-7 - 9338415002427
2016-06-10 11:28:25,801 [INFO] from application in application-akka.actor.default-dispatcher-7 - Object RPC:null
2016-06-10 11:28:25,803 [INFO] from application in application-akka.actor.default-dispatcher-7 - 9338415002427
2016-06-10 11:28:25,804 [INFO] from application in application-akka.actor.default-dispatcher-7 - Object RPC:null
2016-06-10 11:28:25,806 [INFO] from application in application-akka.actor.default-dispatcher-7 - 9338415002434
2016-06-10 11:28:25,807 [INFO] from application in application-akka.actor.default-dispatcher-7 - Object RPC:null
2016-06-10 11:28:25,809 [INFO] from application in application-akka.actor.default-dispatcher-7 - 9338415002434
2016-06-10 11:28:25,811 [INFO] from application in application-akka.actor.default-dispatcher-7 - Object RPC:null
2016-06-10 11:28:25,815 [INFO] from application in application-akka.actor.default-dispatcher-7 - 9338415002441
2016-06-10 11:28:25,819 [INFO] from application in application-akka.actor.default-dispatcher-7 - Object RPC:null
2016-06-10 11:28:25,821 [INFO] from application in application-akka.actor.default-dispatcher-7 - 9338415002441
2016-06-10 11:28:25,823 [INFO] from application in application-akka.actor.default-dispatcher-7 - Object RPC:null
2016-06-10 11:28:25,826 [INFO] from application in application-akka.actor.default-dispatcher-7 - 9338415002458
2016-06-10 11:28:25,828 [INFO] from application in application-akka.actor.default-dispatcher-7 - Object RPC:null
2016-06-10 11:28:25,830 [INFO] from application in application-akka.actor.default-dispatcher-7 - 9338415002458
2016-06-10 11:28:25,833 [INFO] from application in application-akka.actor.default-dispatcher-7 - Object RPC:null
2016-06-10 11:28:25,835 [INFO] from application in application-akka.actor.default-dispatcher-7 - 9555199005202
2016-06-10 11:28:25,840 [INFO] from application in application-akka.actor.default-dispatcher-7 - Object RPC:null
2016-06-10 11:28:25,843 [INFO] from application in application-akka.actor.default-dispatcher-7 - 9555199005202
2016-06-10 11:28:25,848 [INFO] from application in application-akka.actor.default-dispatcher-7 - Object RPC:null
2016-06-10 11:28:25,850 [INFO] from application in application-akka.actor.default-dispatcher-7 - 9555199005202
2016-06-10 11:28:25,853 [INFO] from application in application-akka.actor.default-dispatcher-7 - Object RPC:null
2016-06-10 11:28:25,854 [INFO] from application in application-akka.actor.default-dispatcher-7 - 9555199005202
2016-06-10 11:28:25,855 [INFO] from application in application-akka.actor.default-dispatcher-7 - Object RPC:null
2016-06-10 11:28:25,857 [INFO] from application in application-akka.actor.default-dispatcher-7 - 9555199005288
2016-06-10 11:28:25,859 [INFO] from application in application-akka.actor.default-dispatcher-7 - Object RPC:null
2016-06-10 11:28:25,861 [INFO] from application in application-akka.actor.default-dispatcher-7 - 9555199005288
2016-06-10 11:28:25,863 [INFO] from application in application-akka.actor.default-dispatcher-7 - Object RPC:null
2016-06-10 11:28:25,865 [INFO] from application in application-akka.actor.default-dispatcher-7 - 9555199005288
2016-06-10 11:28:25,866 [INFO] from application in application-akka.actor.default-dispatcher-7 - Object RPC:null
2016-06-10 11:28:25,868 [INFO] from application in application-akka.actor.default-dispatcher-7 - 9555199005288
2016-06-10 11:28:25,870 [INFO] from application in application-akka.actor.default-dispatcher-7 - Object RPC:null
2016-06-10 11:28:25,871 [INFO] from application in application-akka.actor.default-dispatcher-7 - 9555199005332
2016-06-10 11:28:25,872 [INFO] from application in application-akka.actor.default-dispatcher-7 - Object RPC:null
2016-06-10 11:28:25,873 [INFO] from application in application-akka.actor.default-dispatcher-7 - 9555199005332
2016-06-10 11:28:25,875 [INFO] from application in application-akka.actor.default-dispatcher-7 - Object RPC:null
2016-06-10 11:28:25,876 [INFO] from application in application-akka.actor.default-dispatcher-7 - 9555199005332
2016-06-10 11:28:25,878 [INFO] from application in application-akka.actor.default-dispatcher-7 - Object RPC:null
2016-06-10 11:28:25,880 [INFO] from application in application-akka.actor.default-dispatcher-7 - 9555199005332
2016-06-10 11:28:25,883 [INFO] from application in application-akka.actor.default-dispatcher-7 - Object RPC:null
2016-06-10 11:28:25,884 [INFO] from application in application-akka.actor.default-dispatcher-7 - 9555199005363
2016-06-10 11:28:25,886 [INFO] from application in application-akka.actor.default-dispatcher-7 - Object RPC:null
2016-06-10 11:28:25,887 [INFO] from application in application-akka.actor.default-dispatcher-7 - 9555199005363
2016-06-10 11:28:25,888 [INFO] from application in application-akka.actor.default-dispatcher-7 - Object RPC:null
2016-06-10 11:28:25,889 [INFO] from application in application-akka.actor.default-dispatcher-7 - 9555199005363
2016-06-10 11:28:25,890 [INFO] from application in application-akka.actor.default-dispatcher-7 - Object RPC:null
2016-06-10 11:28:25,891 [INFO] from application in application-akka.actor.default-dispatcher-7 - 9555199005363
2016-06-10 11:28:25,893 [INFO] from application in application-akka.actor.default-dispatcher-7 - Object RPC:null
2016-06-10 11:28:25,897 [INFO] from application in application-akka.actor.default-dispatcher-7 - 9555199005493
2016-06-10 11:28:25,899 [INFO] from application in application-akka.actor.default-dispatcher-7 - Object RPC:null
2016-06-10 11:28:25,901 [INFO] from application in application-akka.actor.default-dispatcher-7 - 9555199005493
2016-06-10 11:28:25,902 [INFO] from application in application-akka.actor.default-dispatcher-7 - Object RPC:null
2016-06-10 11:28:25,904 [INFO] from application in application-akka.actor.default-dispatcher-7 - 9555199005493
2016-06-10 11:28:25,905 [INFO] from application in application-akka.actor.default-dispatcher-7 - Object RPC:null
2016-06-10 11:28:25,907 [INFO] from application in application-akka.actor.default-dispatcher-7 - 9555199005493
2016-06-10 11:28:25,908 [INFO] from application in application-akka.actor.default-dispatcher-7 - Object RPC:null
2016-06-10 11:28:25,909 [INFO] from application in application-akka.actor.default-dispatcher-7 - 9555199006612
2016-06-10 11:28:25,910 [INFO] from application in application-akka.actor.default-dispatcher-7 - Object RPC:null
2016-06-10 11:28:25,912 [INFO] from application in application-akka.actor.default-dispatcher-7 - 9555199006612
2016-06-10 11:28:25,917 [INFO] from application in application-akka.actor.default-dispatcher-7 - Object RPC:null
2016-06-10 11:28:25,919 [INFO] from application in application-akka.actor.default-dispatcher-7 - 9555199006612
2016-06-10 11:28:25,921 [INFO] from application in application-akka.actor.default-dispatcher-7 - Object RPC:null
2016-06-10 11:28:25,922 [INFO] from application in application-akka.actor.default-dispatcher-7 - 9555199006612
2016-06-10 11:28:25,923 [INFO] from application in application-akka.actor.default-dispatcher-7 - Object RPC:null
2016-06-10 11:28:25,924 [INFO] from application in application-akka.actor.default-dispatcher-7 - 9555199006612
2016-06-10 11:28:25,925 [INFO] from application in application-akka.actor.default-dispatcher-7 - Object RPC:null
2016-06-10 11:28:25,926 [INFO] from application in application-akka.actor.default-dispatcher-7 - 9555199006612
2016-06-10 11:28:25,928 [INFO] from application in application-akka.actor.default-dispatcher-7 - Object RPC:null
2016-06-10 11:28:25,930 [INFO] from application in application-akka.actor.default-dispatcher-7 - 9555199006629
2016-06-10 11:28:25,933 [INFO] from application in application-akka.actor.default-dispatcher-7 - Object RPC:null
2016-06-10 11:28:25,934 [INFO] from application in application-akka.actor.default-dispatcher-7 - 9555199006629
2016-06-10 11:28:25,936 [INFO] from application in application-akka.actor.default-dispatcher-7 - Object RPC:null
2016-06-10 11:28:25,937 [INFO] from application in application-akka.actor.default-dispatcher-7 - 9555199006629
2016-06-10 11:28:25,938 [INFO] from application in application-akka.actor.default-dispatcher-7 - Object RPC:null
2016-06-10 11:28:25,939 [INFO] from application in application-akka.actor.default-dispatcher-7 - 9555199006629
2016-06-10 11:28:25,940 [INFO] from application in application-akka.actor.default-dispatcher-7 - Object RPC:null
2016-06-10 11:28:25,941 [INFO] from application in application-akka.actor.default-dispatcher-7 - 9555199006629
2016-06-10 11:28:25,943 [INFO] from application in application-akka.actor.default-dispatcher-7 - Object RPC:null
2016-06-10 11:28:25,944 [INFO] from application in application-akka.actor.default-dispatcher-7 - 9555199006629
2016-06-10 11:28:25,947 [INFO] from application in application-akka.actor.default-dispatcher-7 - Object RPC:null
2016-06-10 11:28:25,949 [INFO] from application in application-akka.actor.default-dispatcher-7 - 9555199006629
2016-06-10 11:28:25,951 [INFO] from application in application-akka.actor.default-dispatcher-7 - Object RPC:null
2016-06-10 11:28:25,952 [INFO] from application in application-akka.actor.default-dispatcher-7 - 9555199006629
2016-06-10 11:28:25,953 [INFO] from application in application-akka.actor.default-dispatcher-7 - Object RPC:null
2016-06-10 11:28:25,954 [INFO] from application in application-akka.actor.default-dispatcher-7 - 9555199006629
2016-06-10 11:28:25,956 [INFO] from application in application-akka.actor.default-dispatcher-7 - Object RPC:null
2016-06-10 11:28:25,957 [INFO] from application in application-akka.actor.default-dispatcher-7 - 9555199006629
2016-06-10 11:28:25,959 [INFO] from application in application-akka.actor.default-dispatcher-7 - Object RPC:null
2016-06-10 11:28:25,960 [INFO] from application in application-akka.actor.default-dispatcher-7 - 9555199006629
2016-06-10 11:28:25,961 [INFO] from application in application-akka.actor.default-dispatcher-7 - Object RPC:null
2016-06-10 11:28:25,965 [INFO] from application in application-akka.actor.default-dispatcher-7 - 9555199006629
2016-06-10 11:28:25,967 [INFO] from application in application-akka.actor.default-dispatcher-7 - Object RPC:null
2016-06-10 11:28:25,969 [INFO] from application in application-akka.actor.default-dispatcher-7 - 9555199006629
2016-06-10 11:28:25,970 [INFO] from application in application-akka.actor.default-dispatcher-7 - Object RPC:null
2016-06-10 11:28:25,971 [INFO] from application in application-akka.actor.default-dispatcher-7 - 9555199006629
2016-06-10 11:28:25,973 [INFO] from application in application-akka.actor.default-dispatcher-7 - Object RPC:null
2016-06-10 11:28:25,974 [INFO] from application in application-akka.actor.default-dispatcher-7 - 9555199006629
2016-06-10 11:28:25,975 [INFO] from application in application-akka.actor.default-dispatcher-7 - Object RPC:null
2016-06-10 11:28:25,977 [INFO] from application in application-akka.actor.default-dispatcher-7 - 9555199006629
2016-06-10 11:28:25,979 [INFO] from application in application-akka.actor.default-dispatcher-7 - Object RPC:null
2016-06-10 11:28:25,982 [INFO] from application in application-akka.actor.default-dispatcher-7 - 9555199006629
2016-06-10 11:28:25,984 [INFO] from application in application-akka.actor.default-dispatcher-7 - Object RPC:null
2016-06-10 11:28:25,986 [INFO] from application in application-akka.actor.default-dispatcher-7 - 9555199006629
2016-06-10 11:28:25,987 [INFO] from application in application-akka.actor.default-dispatcher-7 - Object RPC:null
2016-06-10 11:28:25,988 [INFO] from application in application-akka.actor.default-dispatcher-7 - 9555199006636
2016-06-10 11:28:25,990 [INFO] from application in application-akka.actor.default-dispatcher-7 - Object RPC:null
2016-06-10 11:28:25,991 [INFO] from application in application-akka.actor.default-dispatcher-7 - 9555199006636
2016-06-10 11:28:25,992 [INFO] from application in application-akka.actor.default-dispatcher-7 - Object RPC:null
2016-06-10 11:28:25,993 [INFO] from application in application-akka.actor.default-dispatcher-7 - 9555199006636
2016-06-10 11:28:25,996 [INFO] from application in application-akka.actor.default-dispatcher-7 - Object RPC:null
2016-06-10 11:28:25,998 [INFO] from application in application-akka.actor.default-dispatcher-7 - 9555199006636
2016-06-10 11:28:26,001 [INFO] from application in application-akka.actor.default-dispatcher-7 - Object RPC:null
2016-06-10 11:28:26,003 [INFO] from application in application-akka.actor.default-dispatcher-7 - 9555199006636
2016-06-10 11:28:26,006 [INFO] from application in application-akka.actor.default-dispatcher-7 - Object RPC:null
2016-06-10 11:28:26,008 [INFO] from application in application-akka.actor.default-dispatcher-7 - 9555199006636
2016-06-10 11:28:26,013 [INFO] from application in application-akka.actor.default-dispatcher-7 - Object RPC:null
2016-06-10 11:28:26,015 [INFO] from application in application-akka.actor.default-dispatcher-7 - 9555199006636
2016-06-10 11:28:26,017 [INFO] from application in application-akka.actor.default-dispatcher-7 - Object RPC:null
2016-06-10 11:28:26,018 [INFO] from application in application-akka.actor.default-dispatcher-7 - 9555199006636
2016-06-10 11:28:26,020 [INFO] from application in application-akka.actor.default-dispatcher-7 - Object RPC:null
2016-06-10 11:28:26,021 [INFO] from application in application-akka.actor.default-dispatcher-7 - 9555199006636
2016-06-10 11:28:26,023 [INFO] from application in application-akka.actor.default-dispatcher-7 - Object RPC:null
2016-06-10 11:28:26,024 [INFO] from application in application-akka.actor.default-dispatcher-7 - 9555199006636
2016-06-10 11:28:26,025 [INFO] from application in application-akka.actor.default-dispatcher-7 - Object RPC:null
2016-06-10 11:28:26,026 [INFO] from application in application-akka.actor.default-dispatcher-7 - 9555199006636
2016-06-10 11:28:26,028 [INFO] from application in application-akka.actor.default-dispatcher-7 - Object RPC:null
2016-06-10 11:28:26,029 [INFO] from application in application-akka.actor.default-dispatcher-7 - 9555199006636
2016-06-10 11:28:26,031 [INFO] from application in application-akka.actor.default-dispatcher-7 - Object RPC:null
2016-06-10 11:28:26,032 [INFO] from application in application-akka.actor.default-dispatcher-7 - 9555199006636
2016-06-10 11:28:26,033 [INFO] from application in application-akka.actor.default-dispatcher-7 - Object RPC:null
2016-06-10 11:28:26,034 [INFO] from application in application-akka.actor.default-dispatcher-7 - 9555199006636
2016-06-10 11:28:26,036 [INFO] from application in application-akka.actor.default-dispatcher-7 - Object RPC:null
2016-06-10 11:28:26,037 [INFO] from application in application-akka.actor.default-dispatcher-7 - 9555199006636
2016-06-10 11:28:26,038 [INFO] from application in application-akka.actor.default-dispatcher-7 - Object RPC:null
2016-06-10 11:28:26,039 [INFO] from application in application-akka.actor.default-dispatcher-7 - 9555199006636
2016-06-10 11:28:26,041 [INFO] from application in application-akka.actor.default-dispatcher-7 - Object RPC:null
2016-06-10 11:28:26,042 [INFO] from application in application-akka.actor.default-dispatcher-7 - 9555199006636
2016-06-10 11:28:26,044 [INFO] from application in application-akka.actor.default-dispatcher-7 - Object RPC:null
2016-06-10 11:28:26,046 [INFO] from application in application-akka.actor.default-dispatcher-7 - 9555199006636
2016-06-10 11:28:26,048 [INFO] from application in application-akka.actor.default-dispatcher-7 - Object RPC:null
2016-06-10 11:28:26,049 [INFO] from application in application-akka.actor.default-dispatcher-7 - 9555199006773
2016-06-10 11:28:26,050 [INFO] from application in application-akka.actor.default-dispatcher-7 - Object RPC:null
2016-06-10 11:28:26,051 [INFO] from application in application-akka.actor.default-dispatcher-7 - 9555199006773
2016-06-10 11:28:26,053 [INFO] from application in application-akka.actor.default-dispatcher-7 - Object RPC:null
2016-06-10 11:28:26,054 [INFO] from application in application-akka.actor.default-dispatcher-7 - 9555199006773
2016-06-10 11:28:26,055 [INFO] from application in application-akka.actor.default-dispatcher-7 - Object RPC:null
2016-06-10 11:28:26,056 [INFO] from application in application-akka.actor.default-dispatcher-7 - 9555199006773
2016-06-10 11:28:26,057 [INFO] from application in application-akka.actor.default-dispatcher-7 - Object RPC:null
2016-06-10 11:28:26,058 [INFO] from application in application-akka.actor.default-dispatcher-7 - 9555199006773
2016-06-10 11:28:26,060 [INFO] from application in application-akka.actor.default-dispatcher-7 - Object RPC:null
2016-06-10 11:28:26,061 [INFO] from application in application-akka.actor.default-dispatcher-7 - 9555199006773
2016-06-10 11:28:26,063 [INFO] from application in application-akka.actor.default-dispatcher-7 - Object RPC:null
2016-06-10 11:28:26,065 [INFO] from application in application-akka.actor.default-dispatcher-7 - 9555199006773
2016-06-10 11:28:26,067 [INFO] from application in application-akka.actor.default-dispatcher-7 - Object RPC:null
2016-06-10 11:28:26,069 [INFO] from application in application-akka.actor.default-dispatcher-7 - 9555199006773
2016-06-10 11:28:26,070 [INFO] from application in application-akka.actor.default-dispatcher-7 - Object RPC:null
2016-06-10 11:28:26,071 [INFO] from application in application-akka.actor.default-dispatcher-7 - 9555199006773
2016-06-10 11:28:26,073 [INFO] from application in application-akka.actor.default-dispatcher-7 - Object RPC:null
2016-06-10 11:28:26,074 [INFO] from application in application-akka.actor.default-dispatcher-7 - 9555199006773
2016-06-10 11:28:26,075 [INFO] from application in application-akka.actor.default-dispatcher-7 - Object RPC:null
2016-06-10 11:28:26,076 [INFO] from application in application-akka.actor.default-dispatcher-7 - 9555199006773
2016-06-10 11:28:26,078 [INFO] from application in application-akka.actor.default-dispatcher-7 - Object RPC:null
2016-06-10 11:28:26,079 [INFO] from application in application-akka.actor.default-dispatcher-7 - 9555199006773
2016-06-10 11:28:26,081 [INFO] from application in application-akka.actor.default-dispatcher-7 - Object RPC:null
2016-06-10 11:28:26,082 [INFO] from application in application-akka.actor.default-dispatcher-7 - 9555199006773
2016-06-10 11:28:26,084 [INFO] from application in application-akka.actor.default-dispatcher-7 - Object RPC:null
2016-06-10 11:28:26,087 [INFO] from application in application-akka.actor.default-dispatcher-7 - 9555199006773
2016-06-10 11:28:26,088 [INFO] from application in application-akka.actor.default-dispatcher-7 - Object RPC:null
2016-06-10 11:28:26,090 [INFO] from application in application-akka.actor.default-dispatcher-7 - 9555199006773
2016-06-10 11:28:26,091 [INFO] from application in application-akka.actor.default-dispatcher-7 - Object RPC:null
2016-06-10 11:28:26,093 [INFO] from application in application-akka.actor.default-dispatcher-7 - 9555199006773
2016-06-10 11:28:26,094 [INFO] from application in application-akka.actor.default-dispatcher-7 - Object RPC:null
2016-06-10 11:28:26,096 [INFO] from application in application-akka.actor.default-dispatcher-7 - 9555199006773
2016-06-10 11:28:26,099 [INFO] from application in application-akka.actor.default-dispatcher-7 - Object RPC:null
2016-06-10 11:28:26,101 [INFO] from application in application-akka.actor.default-dispatcher-7 - 9555199006773
2016-06-10 11:28:26,103 [INFO] from application in application-akka.actor.default-dispatcher-7 - Object RPC:null
2016-06-10 11:28:26,104 [INFO] from application in application-akka.actor.default-dispatcher-7 - 9555199006773
2016-06-10 11:28:26,105 [INFO] from application in application-akka.actor.default-dispatcher-7 - Object RPC:null
2016-06-10 11:28:26,106 [INFO] from application in application-akka.actor.default-dispatcher-7 - 9555199006773
2016-06-10 11:28:26,107 [INFO] from application in application-akka.actor.default-dispatcher-7 - Object RPC:null
2016-06-10 11:28:26,109 [INFO] from application in application-akka.actor.default-dispatcher-7 - 9555199006773
2016-06-10 11:28:26,110 [INFO] from application in application-akka.actor.default-dispatcher-7 - Object RPC:null
2016-06-10 11:28:26,111 [INFO] from application in application-akka.actor.default-dispatcher-7 - 9555199006773
2016-06-10 11:28:26,113 [INFO] from application in application-akka.actor.default-dispatcher-7 - Object RPC:null
2016-06-10 11:28:26,115 [INFO] from application in application-akka.actor.default-dispatcher-7 - 9555199006827
2016-06-10 11:28:26,116 [INFO] from application in application-akka.actor.default-dispatcher-7 - Object RPC:null
2016-06-10 11:28:26,117 [INFO] from application in application-akka.actor.default-dispatcher-7 - 9555199006827
2016-06-10 11:28:26,119 [INFO] from application in application-akka.actor.default-dispatcher-7 - Object RPC:null
2016-06-10 11:28:26,121 [INFO] from application in application-akka.actor.default-dispatcher-7 - 9555199006827
2016-06-10 11:28:26,122 [INFO] from application in application-akka.actor.default-dispatcher-7 - Object RPC:null
2016-06-10 11:28:26,125 [INFO] from application in application-akka.actor.default-dispatcher-7 - 9555199006827
2016-06-10 11:28:26,127 [INFO] from application in application-akka.actor.default-dispatcher-7 - Object RPC:null
2016-06-10 11:28:26,128 [INFO] from application in application-akka.actor.default-dispatcher-7 - 9555199006834
2016-06-10 11:28:26,131 [INFO] from application in application-akka.actor.default-dispatcher-7 - Object RPC:null
2016-06-10 11:28:26,133 [INFO] from application in application-akka.actor.default-dispatcher-7 - 9555199006834
2016-06-10 11:28:26,136 [INFO] from application in application-akka.actor.default-dispatcher-7 - Object RPC:null
2016-06-10 11:28:26,138 [INFO] from application in application-akka.actor.default-dispatcher-7 - 9555199006834
2016-06-10 11:28:26,139 [INFO] from application in application-akka.actor.default-dispatcher-7 - Object RPC:null
2016-06-10 11:28:26,141 [INFO] from application in application-akka.actor.default-dispatcher-7 - 9555199006834
2016-06-10 11:28:26,142 [INFO] from application in application-akka.actor.default-dispatcher-7 - Object RPC:null
2016-06-10 11:28:26,143 [INFO] from application in application-akka.actor.default-dispatcher-7 - 9555199006841
2016-06-10 11:28:26,144 [INFO] from application in application-akka.actor.default-dispatcher-7 - Object RPC:null
2016-06-10 11:28:26,145 [INFO] from application in application-akka.actor.default-dispatcher-7 - 9555199006841
2016-06-10 11:28:26,146 [INFO] from application in application-akka.actor.default-dispatcher-7 - Object RPC:null
2016-06-10 11:28:26,147 [INFO] from application in application-akka.actor.default-dispatcher-7 - 9555199006841
2016-06-10 11:28:26,149 [INFO] from application in application-akka.actor.default-dispatcher-7 - Object RPC:null
2016-06-10 11:28:26,150 [INFO] from application in application-akka.actor.default-dispatcher-7 - 9555199006841
2016-06-10 11:28:26,151 [INFO] from application in application-akka.actor.default-dispatcher-7 - Object RPC:null
2016-06-10 11:28:26,152 [INFO] from application in application-akka.actor.default-dispatcher-7 - 9555199006841
2016-06-10 11:28:26,153 [INFO] from application in application-akka.actor.default-dispatcher-7 - Object RPC:null
2016-06-10 11:28:26,154 [INFO] from application in application-akka.actor.default-dispatcher-7 - 9555199006841
2016-06-10 11:28:26,155 [INFO] from application in application-akka.actor.default-dispatcher-7 - Object RPC:null
2016-06-10 11:28:26,156 [INFO] from application in application-akka.actor.default-dispatcher-7 - 9555199006865
2016-06-10 11:28:26,158 [INFO] from application in application-akka.actor.default-dispatcher-7 - Object RPC:null
2016-06-10 11:28:26,159 [INFO] from application in application-akka.actor.default-dispatcher-7 - 9555199006865
2016-06-10 11:28:26,160 [INFO] from application in application-akka.actor.default-dispatcher-7 - Object RPC:null
2016-06-10 11:28:26,161 [INFO] from application in application-akka.actor.default-dispatcher-7 - 9555199006889
2016-06-10 11:28:26,163 [INFO] from application in application-akka.actor.default-dispatcher-7 - Object RPC:null
2016-06-10 11:28:26,165 [INFO] from application in application-akka.actor.default-dispatcher-7 - 9555199006889
2016-06-10 11:28:26,167 [INFO] from application in application-akka.actor.default-dispatcher-7 - Object RPC:null
2016-06-10 11:28:26,168 [INFO] from application in application-akka.actor.default-dispatcher-7 - 9555199006889
2016-06-10 11:28:26,169 [INFO] from application in application-akka.actor.default-dispatcher-7 - Object RPC:null
2016-06-10 11:28:26,171 [INFO] from application in application-akka.actor.default-dispatcher-7 - 9555199006889
2016-06-10 11:28:26,172 [INFO] from application in application-akka.actor.default-dispatcher-7 - Object RPC:null
2016-06-10 11:28:26,173 [INFO] from application in application-akka.actor.default-dispatcher-7 - 9555199006889
2016-06-10 11:28:26,174 [INFO] from application in application-akka.actor.default-dispatcher-7 - Object RPC:null
2016-06-10 11:28:26,175 [INFO] from application in application-akka.actor.default-dispatcher-7 - 9555199006889
2016-06-10 11:28:26,177 [INFO] from application in application-akka.actor.default-dispatcher-7 - Object RPC:null
2016-06-10 11:28:26,177 [INFO] from application in application-akka.actor.default-dispatcher-7 - 9555199007008
2016-06-10 11:28:26,179 [INFO] from application in application-akka.actor.default-dispatcher-7 - Object RPC:null
2016-06-10 11:28:26,182 [INFO] from application in application-akka.actor.default-dispatcher-7 - 9555199007008
2016-06-10 11:28:26,184 [INFO] from application in application-akka.actor.default-dispatcher-7 - Object RPC:null
2016-06-10 11:28:26,186 [INFO] from application in application-akka.actor.default-dispatcher-7 - 9555199007008
2016-06-10 11:28:26,187 [INFO] from application in application-akka.actor.default-dispatcher-7 - Object RPC:null
2016-06-10 11:28:26,188 [INFO] from application in application-akka.actor.default-dispatcher-7 - 9555199007008
2016-06-10 11:28:26,189 [INFO] from application in application-akka.actor.default-dispatcher-7 - Object RPC:null
2016-06-10 11:28:26,190 [INFO] from application in application-akka.actor.default-dispatcher-7 - 9555199007008
2016-06-10 11:28:26,192 [INFO] from application in application-akka.actor.default-dispatcher-7 - Object RPC:null
2016-06-10 11:28:26,193 [INFO] from application in application-akka.actor.default-dispatcher-7 - 9555199007008
2016-06-10 11:28:26,195 [INFO] from application in application-akka.actor.default-dispatcher-7 - Object RPC:null
2016-06-10 11:28:26,197 [INFO] from application in application-akka.actor.default-dispatcher-7 - 9555199007008
2016-06-10 11:28:26,199 [INFO] from application in application-akka.actor.default-dispatcher-7 - Object RPC:null
2016-06-10 11:28:26,201 [INFO] from application in application-akka.actor.default-dispatcher-7 - 9555199007008
2016-06-10 11:28:26,202 [INFO] from application in application-akka.actor.default-dispatcher-7 - Object RPC:null
2016-06-10 11:28:26,203 [INFO] from application in application-akka.actor.default-dispatcher-7 - 9555199007008
2016-06-10 11:28:26,205 [INFO] from application in application-akka.actor.default-dispatcher-7 - Object RPC:null
2016-06-10 11:28:26,206 [INFO] from application in application-akka.actor.default-dispatcher-7 - 9555199007008
2016-06-10 11:28:26,207 [INFO] from application in application-akka.actor.default-dispatcher-7 - Object RPC:null
2016-06-10 11:28:26,208 [INFO] from application in application-akka.actor.default-dispatcher-7 - 9555199007008
2016-06-10 11:28:26,210 [INFO] from application in application-akka.actor.default-dispatcher-7 - Object RPC:null
2016-06-10 11:28:26,211 [INFO] from application in application-akka.actor.default-dispatcher-7 - 9555199007008
2016-06-10 11:28:26,213 [INFO] from application in application-akka.actor.default-dispatcher-7 - Object RPC:null
2016-06-10 11:28:26,215 [INFO] from application in application-akka.actor.default-dispatcher-7 - 9555199007008
2016-06-10 11:28:26,217 [INFO] from application in application-akka.actor.default-dispatcher-7 - Object RPC:null
2016-06-10 11:28:26,218 [INFO] from application in application-akka.actor.default-dispatcher-7 - 9555199007008
2016-06-10 11:28:26,220 [INFO] from application in application-akka.actor.default-dispatcher-7 - Object RPC:null
2016-06-10 11:28:26,221 [INFO] from application in application-akka.actor.default-dispatcher-7 - 9555199007008
2016-06-10 11:28:26,223 [INFO] from application in application-akka.actor.default-dispatcher-7 - Object RPC:null
2016-06-10 11:28:26,224 [INFO] from application in application-akka.actor.default-dispatcher-7 - 9555199007008
2016-06-10 11:28:26,225 [INFO] from application in application-akka.actor.default-dispatcher-7 - Object RPC:null
2016-06-10 11:28:26,226 [INFO] from application in application-akka.actor.default-dispatcher-7 - 9555199007008
2016-06-10 11:28:26,227 [INFO] from application in application-akka.actor.default-dispatcher-7 - Object RPC:null
2016-06-10 11:28:26,229 [INFO] from application in application-akka.actor.default-dispatcher-7 - 9555199007008
2016-06-10 11:28:26,230 [INFO] from application in application-akka.actor.default-dispatcher-7 - Object RPC:null
2016-06-10 11:28:26,231 [INFO] from application in application-akka.actor.default-dispatcher-7 - 9555199007008
2016-06-10 11:28:26,232 [INFO] from application in application-akka.actor.default-dispatcher-7 - Object RPC:null
2016-06-10 11:28:26,233 [INFO] from application in application-akka.actor.default-dispatcher-7 - 9555199007008
2016-06-10 11:28:26,235 [INFO] from application in application-akka.actor.default-dispatcher-7 - Object RPC:null
2016-06-10 11:28:26,236 [INFO] from application in application-akka.actor.default-dispatcher-7 - 9555199007008
2016-06-10 11:28:26,238 [INFO] from application in application-akka.actor.default-dispatcher-7 - Object RPC:null
2016-06-10 11:28:26,239 [INFO] from application in application-akka.actor.default-dispatcher-7 - 9555199007008
2016-06-10 11:28:26,241 [INFO] from application in application-akka.actor.default-dispatcher-7 - Object RPC:null
2016-06-10 11:28:26,242 [INFO] from application in application-akka.actor.default-dispatcher-7 - 9555199007008
2016-06-10 11:28:26,243 [INFO] from application in application-akka.actor.default-dispatcher-7 - Object RPC:null
2016-06-10 11:28:26,244 [INFO] from application in application-akka.actor.default-dispatcher-7 - 9555199007008
2016-06-10 11:28:26,246 [INFO] from application in application-akka.actor.default-dispatcher-7 - Object RPC:null
2016-06-10 11:28:26,249 [INFO] from application in application-akka.actor.default-dispatcher-7 - 9555199007008
2016-06-10 11:28:26,251 [INFO] from application in application-akka.actor.default-dispatcher-7 - Object RPC:null
2016-06-10 11:28:26,252 [INFO] from application in application-akka.actor.default-dispatcher-7 - 9555199007008
2016-06-10 11:28:26,254 [INFO] from application in application-akka.actor.default-dispatcher-7 - Object RPC:null
2016-06-10 11:28:26,255 [INFO] from application in application-akka.actor.default-dispatcher-7 - 9555199007008
2016-06-10 11:28:26,256 [INFO] from application in application-akka.actor.default-dispatcher-7 - Object RPC:null
2016-06-10 11:28:26,257 [INFO] from application in application-akka.actor.default-dispatcher-7 - 9555199007008
2016-06-10 11:28:26,259 [INFO] from application in application-akka.actor.default-dispatcher-7 - Object RPC:null
2016-06-10 11:28:26,260 [INFO] from application in application-akka.actor.default-dispatcher-7 - 9555199007008
2016-06-10 11:28:26,263 [INFO] from application in application-akka.actor.default-dispatcher-7 - Object RPC:null
2016-06-10 11:28:26,265 [INFO] from application in application-akka.actor.default-dispatcher-7 - 9555199007008
2016-06-10 11:28:26,267 [INFO] from application in application-akka.actor.default-dispatcher-7 - Object RPC:null
2016-06-10 11:28:26,269 [INFO] from application in application-akka.actor.default-dispatcher-7 - 9555199007008
2016-06-10 11:28:26,274 [INFO] from application in application-akka.actor.default-dispatcher-7 - Object RPC:null
2016-06-10 11:28:26,277 [INFO] from application in application-akka.actor.default-dispatcher-7 - 9555199007008
2016-06-10 11:28:26,279 [INFO] from application in application-akka.actor.default-dispatcher-7 - Object RPC:null
2016-06-10 11:28:26,283 [INFO] from application in application-akka.actor.default-dispatcher-7 - 9555199007077
2016-06-10 11:28:26,287 [INFO] from application in application-akka.actor.default-dispatcher-7 - Object RPC:null
2016-06-10 11:28:26,289 [INFO] from application in application-akka.actor.default-dispatcher-7 - 9555199007077
2016-06-10 11:28:26,292 [INFO] from application in application-akka.actor.default-dispatcher-7 - Object RPC:null
2016-06-10 11:28:26,294 [INFO] from application in application-akka.actor.default-dispatcher-7 - 9555199007077
2016-06-10 11:28:26,296 [INFO] from application in application-akka.actor.default-dispatcher-7 - Object RPC:null
2016-06-10 11:28:26,298 [INFO] from application in application-akka.actor.default-dispatcher-7 - 9555199007077
2016-06-10 11:28:26,301 [INFO] from application in application-akka.actor.default-dispatcher-7 - Object RPC:null
2016-06-10 11:28:26,303 [INFO] from application in application-akka.actor.default-dispatcher-7 - 9555199007077
2016-06-10 11:28:26,306 [INFO] from application in application-akka.actor.default-dispatcher-7 - Object RPC:null
